<?xml version="1.0" encoding="UTF-8"?>
<!-- Generated by org.testng.reporters.JUnitXMLReporter -->
<testsuite hostname="DESKTOP-KV4TQRG" ignored="0" name="Test Validate titles" tests="1" failures="1" timestamp="23 Mar 2019 19:46:34 GMT" time="13.972" errors="0">
  <testcase name="baseNavigate" time="8.632" classname="Academy.validateTitle">
    <failure type="java.lang.AssertionError" message="expected [FEATURED COURSES12] but found [FEATURED COURSES]">
      <![CDATA[java.lang.AssertionError: expected [FEATURED COURSES12] but found [FEATURED COURSES]
at Academy.validateTitle.baseNavigate(validateTitle.java:42)
... Removed 31 stack frames]]>
    </failure>
  </testcase> <!-- baseNavigate -->
</testsuite> <!-- Test Validate titles -->
