<?xml version="1.0" encoding="UTF-8"?>
<!-- Generated by org.testng.reporters.JUnitXMLReporter -->
<testsuite hostname="DESKTOP-KV4TQRG" ignored="0" name="Test" tests="4" failures="0" timestamp="19 Mar 2019 11:06:25 GMT" time="54.029" errors="0">
  <testcase name="baseNavigate" time="13.939" classname="Academy.HomePage"/>
  <testcase name="baseNavigate" time="7.422" classname="Academy.HomePage"/>
  <testcase name="baseNavigate" time="0.064" classname="Academy.validateTitle"/>
  <testcase name="baseNavigate" time="0.046" classname="Academy.validateNavBar"/>
</testsuite> <!-- Test -->
